[debug] [2021-04-11T02:54:00.867Z] ----------------------------------------------------------------------
[debug] [2021-04-11T02:54:00.868Z] Command:       C:\Program Files\nodejs\node.exe C:\Users\SKDI\AppData\Roaming\npm\node_modules\firebase-tools\lib\bin\firebase.js init
[debug] [2021-04-11T02:54:00.869Z] CLI Version:   9.8.0
[debug] [2021-04-11T02:54:00.869Z] Platform:      win32
[debug] [2021-04-11T02:54:00.869Z] Node Version:  v14.16.0
[debug] [2021-04-11T02:54:00.870Z] Time:          Sat Apr 10 2021 21:54:00 GMT-0500 (hora estándar de Perú)
[debug] [2021-04-11T02:54:00.870Z] ----------------------------------------------------------------------
[debug] 
[debug] [2021-04-11T02:54:00.873Z] >>> [apiv2][query] GET https://firebase-public.firebaseio.com/cli.json [none]
[debug] [2021-04-11T02:54:00.892Z] > command requires scopes: ["email","openid","https://www.googleapis.com/auth/cloudplatformprojects.readonly","https://www.googleapis.com/auth/firebase","https://www.googleapis.com/auth/cloud-platform"]
[debug] [2021-04-11T02:54:00.892Z] > authorizing via signed-in user
[info] 
     ######## #### ########  ######## ########     ###     ######  ########
     ##        ##  ##     ## ##       ##     ##  ##   ##  ##       ##
     ######    ##  ########  ######   ########  #########  ######  ######
     ##        ##  ##    ##  ##       ##     ## ##     ##       ## ##
     ##       #### ##     ## ######## ########  ##     ##  ######  ########

You're about to initialize a Firebase project in this directory:

  C:\Users\SKDI\proyectos_react\netflix-build-youtube

[debug] [2021-04-11T02:54:02.002Z] <<< [apiv2][status] GET https://firebase-public.firebaseio.com/cli.json 200
[debug] [2021-04-11T02:54:02.002Z] <<< [apiv2][body] GET https://firebase-public.firebaseio.com/cli.json {"cloudBuildErrorAfter":1594252800000,"cloudBuildWarnAfter":1590019200000,"defaultNode10After":1594252800000,"minVersion":"3.0.5","node8DeploysDisabledAfter":1613390400000,"node8RuntimeDisabledAfter":1615809600000,"node8WarnAfter":1600128000000}
